\BOOKMARK [0][-]{chapter.1}{Project context and purpose }{}% 1
\BOOKMARK [1][-]{section.1.1}{Context}{chapter.1}% 2
\BOOKMARK [1][-]{section.1.2}{Purpose}{chapter.1}% 3
\BOOKMARK [0][-]{chapter.2}{Project Planning}{}% 4
\BOOKMARK [1][-]{section.2.1}{Overview}{chapter.2}% 5
\BOOKMARK [0][-]{chapter.3}{Requirements Analysis}{}% 6
\BOOKMARK [1][-]{section.3.1}{Actors}{chapter.3}% 7
\BOOKMARK [1][-]{section.3.2}{Functional Requirements}{chapter.3}% 8
\BOOKMARK [1][-]{section.3.3}{Non Functional Requirements}{chapter.3}% 9
\BOOKMARK [2][-]{subsection.3.3.1}{Privacy and Security: problems and Solutions}{section.3.3}% 10
\BOOKMARK [2][-]{subsection.3.3.2}{Performance}{section.3.3}% 11
\BOOKMARK [0][-]{chapter.4}{Use Cases}{}% 12
\BOOKMARK [1][-]{section.4.1}{Initialization}{chapter.4}% 13
\BOOKMARK [2][-]{subsection.4.1.1}{Activity Diagram}{section.4.1}% 14
\BOOKMARK [2][-]{subsection.4.1.2}{User Interface Design}{section.4.1}% 15
\BOOKMARK [1][-]{section.4.2}{Mobile Phone Association}{chapter.4}% 16
\BOOKMARK [2][-]{subsection.4.2.1}{Activity Diagram}{section.4.2}% 17
\BOOKMARK [2][-]{subsection.4.2.2}{User Interface Design}{section.4.2}% 18
\BOOKMARK [1][-]{section.4.3}{Password Change}{chapter.4}% 19
\BOOKMARK [2][-]{subsection.4.3.1}{Activity Diagram}{section.4.3}% 20
\BOOKMARK [2][-]{subsection.4.3.2}{User Interface Design}{section.4.3}% 21
\BOOKMARK [1][-]{section.4.4}{Unilateral Deassociation}{chapter.4}% 22
\BOOKMARK [2][-]{subsection.4.4.1}{Activity Diagram}{section.4.4}% 23
\BOOKMARK [2][-]{subsection.4.4.2}{User Interface Design}{section.4.4}% 24
\BOOKMARK [1][-]{section.4.5}{Remote Localization}{chapter.4}% 25
\BOOKMARK [2][-]{subsection.4.5.1}{Activity Diagram}{section.4.5}% 26
\BOOKMARK [2][-]{subsection.4.5.2}{User Interface Design}{section.4.5}% 27
\BOOKMARK [1][-]{section.4.6}{Mobile Phone Mark}{chapter.4}% 28
\BOOKMARK [2][-]{subsection.4.6.1}{Activity Diagram}{section.4.6}% 29
\BOOKMARK [2][-]{subsection.4.6.2}{User Interface Design}{section.4.6}% 30
\BOOKMARK [1][-]{section.4.7}{Remote Alarm Triggering: Activate and Deactivate Siren}{chapter.4}% 31
\BOOKMARK [2][-]{subsection.4.7.1}{Activity Diagram}{section.4.7}% 32
\BOOKMARK [2][-]{subsection.4.7.2}{User Interface Design}{section.4.7}% 33
\BOOKMARK [1][-]{section.4.8}{Perimeter Selection}{chapter.4}% 34
\BOOKMARK [2][-]{subsection.4.8.1}{Activity Diagram}{section.4.8}% 35
\BOOKMARK [2][-]{subsection.4.8.2}{User Interface Design}{section.4.8}% 36
\BOOKMARK [0][-]{chapter.5}{Appendix A: Crypto protocols and alogrithms}{}% 37
\BOOKMARK [1][-]{section.5.1}{Elliptic Curves key pair generation}{chapter.5}% 38
\BOOKMARK [1][-]{section.5.2}{Elliptic Curves Diffie Hellman key exchange}{chapter.5}% 39
\BOOKMARK [1][-]{section.5.3}{Elliptic Curves Digital Signature Algorithm}{chapter.5}% 40
\BOOKMARK [1][-]{section.5.4}{PBKDF2 with HMAC-SHA-256}{chapter.5}% 41
\BOOKMARK [1][-]{section.5.5}{AES-256-GCM}{chapter.5}% 42
\BOOKMARK [1][-]{section.5.6}{Socialist Millionaire Protocol}{chapter.5}% 43
\BOOKMARK [1][-]{section.5.7}{Command Protocol}{chapter.5}% 44
\BOOKMARK [1][-]{section.5.8}{Open Issues and TODO list}{chapter.5}% 45
\BOOKMARK [2][-]{subsection.5.8.1}{Unilateral Uninstallation}{section.5.8}% 46
\BOOKMARK [2][-]{subsection.5.8.2}{Association Deletion}{section.5.8}% 47
\BOOKMARK [2][-]{subsection.5.8.3}{The Mark Features}{section.5.8}% 48
\BOOKMARK [1][-]{section.5.9}{Testing}{chapter.5}% 49
\BOOKMARK [2][-]{subsection.5.9.1}{Cryptography}{section.5.9}% 50
\BOOKMARK [2][-]{subsection.5.9.2}{Protocols}{section.5.9}% 51
\BOOKMARK [1][-]{section.5.10}{Installation and usage manual}{chapter.5}% 52
\BOOKMARK [2][-]{subsection.5.10.1}{Installation}{section.5.10}% 53
\BOOKMARK [2][-]{subsection.5.10.2}{Usage}{section.5.10}% 54
