This is pdfTeX, Version 3.14159265-2.6-1.40.15 (TeX Live 2014/Debian) (preloaded format=pdflatex 2014.6.17)  20 JUN 2014 10:31
entering extended mode
 restricted \write18 enabled.
 %&-line parsing enabled.
**doc.tex
(./doc.tex
LaTeX2e <2014/05/01>
Babel <3.9k> and hyphenation patterns for 78 languages loaded.
(/usr/share/texlive/texmf-dist/tex/latex/base/article.cls
Document Class: article 2007/10/19 v1.4h Standard LaTeX document class
(/usr/share/texlive/texmf-dist/tex/latex/base/size12.clo
File: size12.clo 2007/10/19 v1.4h Standard LaTeX file (size option)
)
\c@part=\count79
\c@section=\count80
\c@subsection=\count81
\c@subsubsection=\count82
\c@paragraph=\count83
\c@subparagraph=\count84
\c@figure=\count85
\c@table=\count86
\abovecaptionskip=\skip41
\belowcaptionskip=\skip42
\bibindent=\dimen102
)
(/usr/share/texlive/texmf-dist/tex/latex/koma-script/scrextend.sty
Package: scrextend 2013/12/19 v3.12 KOMA-Script KOMA-Script package (extend oth
er classes with features of KOMA-Script classes)

(/usr/share/texlive/texmf-dist/tex/latex/koma-script/scrkbase.sty
Package: scrkbase 2013/12/19 v3.12 KOMA-Script package (KOMA-Script-dependent b
asics and keyval usage)

(/usr/share/texlive/texmf-dist/tex/latex/koma-script/scrbase.sty
Package: scrbase 2013/12/19 v3.12 KOMA-Script package (KOMA-Script-independent 
basics and keyval usage)

(/usr/share/texlive/texmf-dist/tex/latex/graphics/keyval.sty
Package: keyval 2014/05/08 v1.15 key=value parser (DPC)
\KV@toks@=\toks14
)
(/usr/share/texlive/texmf-dist/tex/latex/koma-script/scrlfile.sty
Package: scrlfile 2013/12/19 v3.12 KOMA-Script package (loading files)

Package scrlfile, 2013/12/19 v3.12 KOMA-Script package (loading files)
                  Copyright (C) Markus Kohm

))))

Package scrextend Warning: Using fallback calculation to setup font sizes
(scrextend)                for basic size `16pt' on input line 4.


LaTeX Font Warning: Font shape `OT1/cmr/m/n' in size <16> not available
(Font)              size <17.28> substituted on input line 4.

(/usr/share/texlive/texmf-dist/tex/latex/base/fontenc.sty
Package: fontenc 2005/09/27 v1.99g Standard LaTeX package

(/usr/share/texlive/texmf-dist/tex/latex/base/t1enc.def
File: t1enc.def 2005/09/27 v1.99g Standard LaTeX file
LaTeX Font Info:    Redeclaring font encoding T1 on input line 43.
)

LaTeX Font Warning: Font shape `T1/cmr/m/n' in size <16> not available
(Font)              size <17.28> substituted on input line 100.

) (/usr/share/texmf/tex/latex/lm/lmodern.sty
Package: lmodern 2009/10/30 v1.6 Latin Modern Fonts
LaTeX Font Info:    Overwriting symbol font `operators' in version `normal'
(Font)                  OT1/cmr/m/n --> OT1/lmr/m/n on input line 22.
LaTeX Font Info:    Overwriting symbol font `letters' in version `normal'
(Font)                  OML/cmm/m/it --> OML/lmm/m/it on input line 23.
LaTeX Font Info:    Overwriting symbol font `symbols' in version `normal'
(Font)                  OMS/cmsy/m/n --> OMS/lmsy/m/n on input line 24.
LaTeX Font Info:    Overwriting symbol font `largesymbols' in version `normal'
(Font)                  OMX/cmex/m/n --> OMX/lmex/m/n on input line 25.
LaTeX Font Info:    Overwriting symbol font `operators' in version `bold'
(Font)                  OT1/cmr/bx/n --> OT1/lmr/bx/n on input line 26.
LaTeX Font Info:    Overwriting symbol font `letters' in version `bold'
(Font)                  OML/cmm/b/it --> OML/lmm/b/it on input line 27.
LaTeX Font Info:    Overwriting symbol font `symbols' in version `bold'
(Font)                  OMS/cmsy/b/n --> OMS/lmsy/b/n on input line 28.
LaTeX Font Info:    Overwriting symbol font `largesymbols' in version `bold'
(Font)                  OMX/cmex/m/n --> OMX/lmex/m/n on input line 29.
LaTeX Font Info:    Overwriting math alphabet `\mathbf' in version `normal'
(Font)                  OT1/cmr/bx/n --> OT1/lmr/bx/n on input line 31.
LaTeX Font Info:    Overwriting math alphabet `\mathsf' in version `normal'
(Font)                  OT1/cmss/m/n --> OT1/lmss/m/n on input line 32.
LaTeX Font Info:    Overwriting math alphabet `\mathit' in version `normal'
(Font)                  OT1/cmr/m/it --> OT1/lmr/m/it on input line 33.
LaTeX Font Info:    Overwriting math alphabet `\mathtt' in version `normal'
(Font)                  OT1/cmtt/m/n --> OT1/lmtt/m/n on input line 34.
LaTeX Font Info:    Overwriting math alphabet `\mathbf' in version `bold'
(Font)                  OT1/cmr/bx/n --> OT1/lmr/bx/n on input line 35.
LaTeX Font Info:    Overwriting math alphabet `\mathsf' in version `bold'
(Font)                  OT1/cmss/bx/n --> OT1/lmss/bx/n on input line 36.
LaTeX Font Info:    Overwriting math alphabet `\mathit' in version `bold'
(Font)                  OT1/cmr/bx/it --> OT1/lmr/bx/it on input line 37.
LaTeX Font Info:    Overwriting math alphabet `\mathtt' in version `bold'
(Font)                  OT1/cmtt/m/n --> OT1/lmtt/m/n on input line 38.
)
(/usr/share/texlive/texmf-dist/tex/latex/base/inputenc.sty
Package: inputenc 2014/04/30 v1.2b Input encoding file
\inpenc@prehook=\toks15
\inpenc@posthook=\toks16

(/usr/share/texlive/texmf-dist/tex/latex/ucs/utf8x.def
File: utf8x.def 2004/10/17 UCS: Input encoding UTF-8
))
(/usr/share/texlive/texmf-dist/tex/latex/ucs/ucs.sty
Package: ucs 2013/05/11 v2.2 UCS: Unicode input support

(/usr/share/texlive/texmf-dist/tex/latex/ucs/data/uni-global.def
File: uni-global.def 2013/05/13 UCS: Unicode global data
)
\uc@secondtry=\count87
\uc@combtoks=\toks17
\uc@combtoksb=\toks18
\uc@temptokena=\toks19
)
(/usr/share/texlive/texmf-dist/tex/latex/graphics/graphicx.sty
Package: graphicx 2014/04/25 v1.0g Enhanced LaTeX Graphics (DPC,SPQR)

(/usr/share/texlive/texmf-dist/tex/latex/graphics/graphics.sty
Package: graphics 2009/02/05 v1.0o Standard LaTeX Graphics (DPC,SPQR)

(/usr/share/texlive/texmf-dist/tex/latex/graphics/trig.sty
Package: trig 1999/03/16 v1.09 sin cos tan (DPC)
)
(/usr/share/texlive/texmf-dist/tex/latex/latexconfig/graphics.cfg
File: graphics.cfg 2010/04/23 v1.9 graphics configuration of TeX Live
)
Package graphics Info: Driver file: pdftex.def on input line 91.

(/usr/share/texlive/texmf-dist/tex/latex/pdftex-def/pdftex.def
File: pdftex.def 2011/05/27 v0.06d Graphics/color for pdfTeX

(/usr/share/texlive/texmf-dist/tex/generic/oberdiek/infwarerr.sty
Package: infwarerr 2010/04/08 v1.3 Providing info/warning/error messages (HO)
)
(/usr/share/texlive/texmf-dist/tex/generic/oberdiek/ltxcmds.sty
Package: ltxcmds 2011/11/09 v1.22 LaTeX kernel commands for general use (HO)
)
\Gread@gobject=\count88
))
\Gin@req@height=\dimen103
\Gin@req@width=\dimen104
)
(/usr/share/texlive/texmf-dist/tex/latex/tools/tabularx.sty
Package: tabularx 2014/05/13 v2.10 `tabularx' package (DPC)

(/usr/share/texlive/texmf-dist/tex/latex/tools/array.sty
Package: array 2008/09/09 v2.4c Tabular extension package (FMi)
\col@sep=\dimen105
\extrarowheight=\dimen106
\NC@list=\toks20
\extratabsurround=\skip43
\backup@length=\skip44
)
\TX@col@width=\dimen107
\TX@old@table=\dimen108
\TX@old@col=\dimen109
\TX@target=\dimen110
\TX@delta=\dimen111
\TX@cols=\count89
\TX@ftn=\toks21
)
(/usr/share/texlive/texmf-dist/tex/latex/multirow/multirow.sty
\bigstrutjot=\dimen112
)
(/usr/share/texlive/texmf-dist/tex/latex/booktabs/booktabs.sty
Package: booktabs 2005/04/14 v1.61803 publication quality tables
\heavyrulewidth=\dimen113
\lightrulewidth=\dimen114
\cmidrulewidth=\dimen115
\belowrulesep=\dimen116
\belowbottomsep=\dimen117
\aboverulesep=\dimen118
\abovetopsep=\dimen119
\cmidrulesep=\dimen120
\cmidrulekern=\dimen121
\defaultaddspace=\dimen122
\@cmidla=\count90
\@cmidlb=\count91
\@aboverulesep=\dimen123
\@belowrulesep=\dimen124
\@thisruleclass=\count92
\@lastruleclass=\count93
\@thisrulewidth=\dimen125
)
(/usr/share/texlive/texmf-dist/tex/latex/colortbl/colortbl.sty
Package: colortbl 2012/02/13 v1.0a Color table columns (DPC)

(/usr/share/texlive/texmf-dist/tex/latex/graphics/color.sty
Package: color 2014/04/23 v1.1a Standard LaTeX Color (DPC)

(/usr/share/texlive/texmf-dist/tex/latex/latexconfig/color.cfg
File: color.cfg 2007/01/18 v1.5 color configuration of teTeX/TeXLive
)
Package color Info: Driver file: pdftex.def on input line 137.
)
\everycr=\toks22
\minrowclearance=\skip45
)
(/usr/share/texlive/texmf-dist/tex/generic/babel/babel.sty
Package: babel 2014/03/24 3.9k The Babel package

(/usr/share/texlive/texmf-dist/tex/generic/babel-english/english.ldf
Language: english 2012/08/20 v3.3p English support from the babel system

(/usr/share/texlive/texmf-dist/tex/generic/babel/babel.def
File: babel.def 2014/03/24 3.9k Babel common definitions
\babel@savecnt=\count94
\U@D=\dimen126
)
\l@canadian = a dialect from \language\l@american 
\l@australian = a dialect from \language\l@british 
\l@newzealand = a dialect from \language\l@british 
))
(/usr/share/texlive/texmf-dist/tex/latex/geometry/geometry.sty
Package: geometry 2010/09/12 v5.6 Page Geometry

(/usr/share/texlive/texmf-dist/tex/generic/oberdiek/ifpdf.sty
Package: ifpdf 2011/01/30 v2.3 Provides the ifpdf switch (HO)
Package ifpdf Info: pdfTeX in PDF mode is detected.
)
(/usr/share/texlive/texmf-dist/tex/generic/oberdiek/ifvtex.sty
Package: ifvtex 2010/03/01 v1.5 Detect VTeX and its facilities (HO)
Package ifvtex Info: VTeX not detected.
)
(/usr/share/texlive/texmf-dist/tex/generic/ifxetex/ifxetex.sty
Package: ifxetex 2010/09/12 v0.6 Provides ifxetex conditional
)
\Gm@cnth=\count95
\Gm@cntv=\count96
\c@Gm@tempcnt=\count97
\Gm@bindingoffset=\dimen127
\Gm@wd@mp=\dimen128
\Gm@odd@mp=\dimen129
\Gm@even@mp=\dimen130
\Gm@layoutwidth=\dimen131
\Gm@layoutheight=\dimen132
\Gm@layouthoffset=\dimen133
\Gm@layoutvoffset=\dimen134
\Gm@dimlist=\toks23
)
(/usr/share/texlive/texmf-dist/tex/latex/titlesec/titlesec.sty
Package: titlesec 2011/12/15 v2.10.0 Sectioning titles
\ttl@box=\box26
\beforetitleunit=\skip46
\aftertitleunit=\skip47
\ttl@plus=\dimen135
\ttl@minus=\dimen136
\ttl@toksa=\toks24
\titlewidth=\dimen137
\titlewidthlast=\dimen138
\titlewidthfirst=\dimen139
) (./doc.aux)
\openout1 = `doc.aux'.

LaTeX Font Info:    Checking defaults for OML/cmm/m/it on input line 52.
LaTeX Font Info:    ... okay on input line 52.
LaTeX Font Info:    Checking defaults for T1/cmr/m/n on input line 52.
LaTeX Font Info:    ... okay on input line 52.
LaTeX Font Info:    Checking defaults for OT1/cmr/m/n on input line 52.
LaTeX Font Info:    ... okay on input line 52.
LaTeX Font Info:    Checking defaults for OMS/cmsy/m/n on input line 52.
LaTeX Font Info:    ... okay on input line 52.
LaTeX Font Info:    Checking defaults for OMX/cmex/m/n on input line 52.
LaTeX Font Info:    ... okay on input line 52.
LaTeX Font Info:    Checking defaults for U/cmr/m/n on input line 52.
LaTeX Font Info:    ... okay on input line 52.
LaTeX Font Info:    Try loading font information for T1+lmss on input line 52.

(/usr/share/texmf/tex/latex/lm/t1lmss.fd
File: t1lmss.fd 2009/10/30 v1.6 Font defs for Latin Modern
)
(/usr/share/texlive/texmf-dist/tex/latex/ucs/ucsencs.def
File: ucsencs.def 2011/01/21 Fixes to fontencodings LGR, T3
)
(/usr/share/texlive/texmf-dist/tex/context/base/supp-pdf.mkii
[Loading MPS to PDF converter (version 2006.09.02).]
\scratchcounter=\count98
\scratchdimen=\dimen140
\scratchbox=\box27
\nofMPsegments=\count99
\nofMParguments=\count100
\everyMPshowfont=\toks25
\MPscratchCnt=\count101
\MPscratchDim=\dimen141
\MPnumerator=\count102
\makeMPintoPDFobject=\count103
\everyMPtoPDFconversion=\toks26
) (/usr/share/texlive/texmf-dist/tex/generic/oberdiek/pdftexcmds.sty
Package: pdftexcmds 2011/11/29 v0.20 Utility functions of pdfTeX for LuaTeX (HO
)

(/usr/share/texlive/texmf-dist/tex/generic/oberdiek/ifluatex.sty
Package: ifluatex 2010/03/01 v1.3 Provides the ifluatex switch (HO)
Package ifluatex Info: LuaTeX not detected.
)
Package pdftexcmds Info: LuaTeX not detected.
Package pdftexcmds Info: \pdf@primitive is available.
Package pdftexcmds Info: \pdf@ifprimitive is available.
Package pdftexcmds Info: \pdfdraftmode found.
)
(/usr/share/texlive/texmf-dist/tex/latex/oberdiek/epstopdf-base.sty
Package: epstopdf-base 2010/02/09 v2.5 Base part for package epstopdf

(/usr/share/texlive/texmf-dist/tex/latex/oberdiek/grfext.sty
Package: grfext 2010/08/19 v1.1 Manage graphics extensions (HO)

(/usr/share/texlive/texmf-dist/tex/generic/oberdiek/kvdefinekeys.sty
Package: kvdefinekeys 2011/04/07 v1.3 Define keys (HO)
))
(/usr/share/texlive/texmf-dist/tex/latex/oberdiek/kvoptions.sty
Package: kvoptions 2011/06/30 v3.11 Key value format for package options (HO)

(/usr/share/texlive/texmf-dist/tex/generic/oberdiek/kvsetkeys.sty
Package: kvsetkeys 2012/04/25 v1.16 Key value parser (HO)

(/usr/share/texlive/texmf-dist/tex/generic/oberdiek/etexcmds.sty
Package: etexcmds 2011/02/16 v1.5 Avoid name clashes with e-TeX commands (HO)
Package etexcmds Info: Could not find \expanded.
(etexcmds)             That can mean that you are not using pdfTeX 1.50 or
(etexcmds)             that some package has redefined \expanded.
(etexcmds)             In the latter case, load this package earlier.
)))
Package grfext Info: Graphics extension search list:
(grfext)             [.png,.pdf,.jpg,.mps,.jpeg,.jbig2,.jb2,.PNG,.PDF,.JPG,.JPE
G,.JBIG2,.JB2,.eps]
(grfext)             \AppendGraphicsExtensions on input line 452.

(/usr/share/texlive/texmf-dist/tex/latex/latexconfig/epstopdf-sys.cfg
File: epstopdf-sys.cfg 2010/07/13 v1.3 Configuration of (r)epstopdf for TeX Liv
e
))
*geometry* driver: auto-detecting
*geometry* detected driver: pdftex
*geometry* verbose mode - [ preamble ] result:
* driver: pdftex
* paper: a4paper
* layout: <same size as paper>
* layoutoffset:(h,v)=(0.0pt,0.0pt)
* modes: 
* h-part:(L,W,R)=(71.13188pt, 455.24411pt, 71.13188pt)
* v-part:(T,H,B)=(71.13188pt, 702.78308pt, 71.13188pt)
* \paperwidth=597.50787pt
* \paperheight=845.04684pt
* \textwidth=455.24411pt
* \textheight=702.78308pt
* \oddsidemargin=-1.1381pt
* \evensidemargin=-1.1381pt
* \topmargin=-38.1381pt
* \headheight=12.0pt
* \headsep=25.0pt
* \topskip=12.0pt
* \footskip=30.0pt
* \marginparwidth=35.0pt
* \marginparsep=10.0pt
* \columnsep=10.0pt
* \skip\footins=12.0pt plus 5.33276pt minus 2.66724pt
* \hoffset=0.0pt
* \voffset=0.0pt
* \mag=1000
* \@twocolumnfalse
* \@twosidefalse
* \@mparswitchfalse
* \@reversemarginfalse
* (1in=72.27pt=25.4mm, 1cm=28.453pt)

<images/polimi.png, id=1, 722.7pt x 722.7pt>
File: images/polimi.png Graphic file (type png)
 <use images/polimi.png>
Package pdftex.def Info: images/polimi.png used on input line 53.
(pdftex.def)             Requested size: 216.81166pt x 216.81166pt.
LaTeX Font Info:    Calculating math sizes for size <19.19995> on input line 53
.
LaTeX Font Info:    Try loading font information for OT1+lmr on input line 53.

(/usr/share/texmf/tex/latex/lm/ot1lmr.fd
File: ot1lmr.fd 2009/10/30 v1.6 Font defs for Latin Modern
)
LaTeX Font Info:    Try loading font information for OML+lmm on input line 53.

(/usr/share/texmf/tex/latex/lm/omllmm.fd
File: omllmm.fd 2009/10/30 v1.6 Font defs for Latin Modern
)
LaTeX Font Info:    Try loading font information for OMS+lmsy on input line 53.


(/usr/share/texmf/tex/latex/lm/omslmsy.fd
File: omslmsy.fd 2009/10/30 v1.6 Font defs for Latin Modern
)
LaTeX Font Info:    Try loading font information for OMX+lmex on input line 53.


(/usr/share/texmf/tex/latex/lm/omxlmex.fd
File: omxlmex.fd 2009/10/30 v1.6 Font defs for Latin Modern
)
LaTeX Font Info:    External font `lmex10' loaded for size
(Font)              <19.19995> on input line 53.
LaTeX Font Info:    External font `lmex10' loaded for size
(Font)              <13.4399> on input line 53.
LaTeX Font Info:    External font `lmex10' loaded for size
(Font)              <9.59998> on input line 53.
 [1

{/var/lib/texmf/fonts/map/pdftex/updmap/pdftex.map} <./images/polimi.png>] (./d
oc.toc
LaTeX Font Info:    Calculating math sizes for size <16> on input line 3.
LaTeX Font Info:    External font `lmex10' loaded for size
(Font)              <16> on input line 3.
LaTeX Font Info:    External font `lmex10' loaded for size
(Font)              <11.19995> on input line 3.
LaTeX Font Info:    External font `lmex10' loaded for size
(Font)              <8> on input line 3.

Overfull \hbox (26.35312pt too wide) in paragraph at lines 18--18
 [][] \T1/lmss/m/n/16 Mes-sage in-tegrity/authentication/non forge-abil-ity/non
 
 []

[2

])
\tf@toc=\write3
\openout3 = `doc.toc'.

 [3] (./src/context_and_purpose/context_purpose.tex)
(./src/context_and_purpose/context.tex) (./src/context_and_purpose/purpose.tex)
[4

] (./src/planning/planning.tex) (./src/planning/timeline.tex) [5

]
(./src/rasd/rasd.tex) (./src/rasd/actors.tex) (./src/rasd/functional.tex)
(./src/rasd/functional/association.tex) (./src/rasd/functional/localization.tex
) (./src/rasd/functional/mark.tex) (./src/rasd/functional/alarms.tex)
(./src/rasd/functional/perimeter.tex) (./src/rasd/nonfunctional.tex)
(./src/rasd/nonfunctional/privacy_and_security/privacy_security.tex)
(./src/rasd/nonfunctional/privacy_and_security/password.tex [6

])
(./src/rasd/nonfunctional/privacy_and_security/integrity_authentication_non-for
geability_non-repudiation.tex)
(./src/rasd/nonfunctional/privacy_and_security/ianfnr/integrity.tex
LaTeX Font Info:    Font shape `T1/lmss/bx/it' in size <16> not available
(Font)              Font shape `T1/lmss/bx/sl' tried instead on input line 1.
)
(./src/rasd/nonfunctional/privacy_and_security/ianfnr/authentication.tex)
(./src/rasd/nonfunctional/privacy_and_security/ianfnr/non-forgeability.tex)
(./src/rasd/nonfunctional/privacy_and_security/ianfnr/non-repudiation.tex)
(./src/rasd/nonfunctional/privacy_and_security/privacy_security_footer.tex)
(./src/rasd/nonfunctional/privacy_and_security/confidentiality.tex [7])
(./src/rasd/nonfunctional/privacy_and_security/asymmetric_keys.tex)
(./src/rasd/nonfunctional/privacy_and_security/symmetric_keys.tex)
(./src/rasd/nonfunctional/privacy_and_security/public_keys_authentication.tex)
(./src/rasd/nonfunctional/human_computer_interaction.tex [8])
(./src/rasd/nonfunctional/performances.tex) (./src/rasd/use_cases/use_cases.tex
) (./src/rasd/use_cases/wizard.tex) (./src/rasd/use_cases/association.tex)
(./src/rasd/use_cases/localization.tex) (./src/rasd/use_cases/mark.tex)
(./src/rasd/use_cases/alarms.tex) [9] (./src/design/design.tex)
(./src/design/architecture.tex) (./src/design/design_patterns.tex)
(./src/design/crypto/crypto.tex)
(./src/design/crypto/protocols_algorithms/EC.tex
Underfull \hbox (badness 10000) in paragraph at lines 2--3

 []

<images/ec.png, id=38, 621.32124pt x 349.305pt>
File: images/ec.png Graphic file (type png)
 <use images/ec.png>
Package pdftex.def Info: images/ec.png used on input line 6.
(pdftex.def)             Requested size: 434.9219pt x 244.51183pt.
 [10

])
(./src/design/crypto/protocols_algorithms/ECDH.tex
Underfull \hbox (badness 10000) in paragraph at lines 2--3

 []

<images/ecdh.png, id=42, 624.3325pt x 394.47375pt>
File: images/ecdh.png Graphic file (type png)
 <use images/ecdh.png>
Package pdftex.def Info: images/ecdh.png used on input line 6.
(pdftex.def)             Requested size: 437.02977pt x 276.12973pt.

[11 <./images/ec.png>]) [12 <./images/ecdh.png>]
(./src/design/crypto/protocols_algorithms/ECDSA.tex
Underfull \hbox (badness 10000) in paragraph at lines 2--4

 []

LaTeX Font Info:    Calculating math sizes for size <14.6001> on input line 5.
LaTeX Font Info:    External font `lmex10' loaded for size
(Font)              <14.6001> on input line 5.
LaTeX Font Info:    External font `lmex10' loaded for size
(Font)              <10.22002> on input line 5.
LaTeX Font Info:    External font `lmex10' loaded for size
(Font)              <7.30005> on input line 5.

Underfull \hbox (badness 1616) in paragraph at lines 10--12
[]\T1/lmss/m/n/14.6001 If $\OML/lmm/m/it/14.6001 z \OT1/lmr/m/n/14.6001 = 0$ \T
1/lmss/m/n/14.6001 goto step 1, else the sig-na-ture is made by $\OT1/lmr/m/n/1
4.6001 (\OML/lmm/m/it/14.6001 k; z\OT1/lmr/m/n/14.6001 )$
 []


Underfull \hbox (badness 10000) in paragraph at lines 10--12

 []


Underfull \hbox (badness 10000) in paragraph at lines 13--15
\T1/lmss/m/n/14.6001 Verification:
 []


Underfull \hbox (badness 10000) in paragraph at lines 13--15

 []

) (./src/design/crypto/protocols_algorithms/PBKDF2_HMAC-SHA-256.tex)
(./src/design/crypto/protocols_algorithms/AES-256-GCM.tex
Underfull \hbox (badness 10000) in paragraph at lines 2--3

 []

[13

] <images/aesgcmenc.png, id=59, 791.95876pt x 504.88625pt>
File: images/aesgcmenc.png Graphic file (type png)

<use images/aesgcmenc.png>
Package pdftex.def Info: images/aesgcmenc.png used on input line 6.
(pdftex.def)             Requested size: 395.97841pt x 252.44249pt.
 [14] [15 <./images/aesgcmenc.png>]
<images/aesgcmdec.png, id=66, 605.26125pt x 465.74pt>
File: images/aesgcmdec.png Graphic file (type png)

<use images/aesgcmdec.png>
Package pdftex.def Info: images/aesgcmdec.png used on input line 11.
(pdftex.def)             Requested size: 363.15953pt x 279.44615pt.
 <images/aes.png, id=67, 922.44624pt x 839.135pt>
File: images/aes.png Graphic file (type png)

<use images/aes.png>
Package pdftex.def Info: images/aes.png used on input line 17.
(pdftex.def)             Requested size: 276.73601pt x 251.74243pt.
) [16

 <./images/aesgcmdec.png> <./images/aes.png (PNG copy)>] (./src/design/crypto/p
rotocols_algorithms/smp.tex)
(./src/design/crypto/protocols_algorithms/smp/pkreq.tex)
(./src/design/crypto/protocols_algorithms/smp/pksending.tex)
(./src/design/crypto/protocols_algorithms/smp/question_sending.tex)
(./src/design/crypto/protocols_algorithms/smp/hash_sending.tex)
(./src/design/crypto/protocols_algorithms/smp/ack_and_salt_sending.tex [17

])
(./src/design/crypto/protocols_algorithms/smp/second_half.tex)
(./src/design/crypto/protocols_algorithms/smp/errors.tex)
(./src/design/crypto/protocols_algorithms/command_protocol.tex)
(./src/design/crypto/protocols_algorithms/commands/first_message.tex [18])
(./src/design/crypto/protocols_algorithms/commands/second_message.tex)
(./src/design/crypto/protocols_algorithms/commands/third_message.tex)
(./src/design/crypto/protocols_algorithms/commands/fourth_message.tex)
(./src/design/crypto/protocols_algorithms/commands/errors.tex [19])
(./src/design/crypto/protocols_algorithms/commands/timeout.tex) [20]
(./src/open_issues/open_issues.tex)
(./src/open_issues/issues/unilateral_uninstall.tex
Underfull \hbox (badness 10000) in paragraph at lines 2--3

 []

LaTeX Font Info:    Try loading font information for OMS+lmss on input line 4.
LaTeX Font Info:    No file OMSlmss.fd. on input line 4.

LaTeX Font Warning: Font shape `OMS/lmss/m/n' undefined
(Font)              using `OMS/cmsy/m/n' instead
(Font)              for symbol `textbullet' on input line 4.

) (./src/open_issues/issues/association_deletion.tex)
(./src/open_issues/issues/marks.tex) [21

] (./src/testing/testing.tex)
(./src/testing/crypto.tex) (./src/testing/protocols.tex) [22

]
(./src/manuals/installation_usage.tex) (./src/manuals/installation.tex)
(./src/manuals/usage.tex) (./src/manuals/usage/wizard.tex)
(./src/manuals/usage/settings.tex) (./src/manuals/usage/commands.tex) [23

]
(./doc.aux)

LaTeX Font Warning: Size substitutions with differences
(Font)              up to 1.28pt have occurred.


LaTeX Font Warning: Some font shapes were not available, defaults substituted.

 )
(\end occurred inside a group at level 1)

### simple group (level 1) entered at line 2 ({)
### bottom level 
Here is how much of TeX's memory you used:
 4693 strings out of 493113
 82081 string characters out of 6137488
 162752 words of memory out of 5000000
 7820 multiletter control sequences out of 15000+600000
 65807 words of font info for 56 fonts, out of 8000000 for 9000
 1141 hyphenation exceptions out of 8191
 47i,7n,37p,2194b,400s stack positions out of 5000i,500n,10000p,200000b,80000s
{/usr/share/texmf/fonts/enc/dvips/lm/lm-rm.enc}{/usr/share/texm
f/fonts/enc/dvips/lm/lm-mathsy.enc}{/usr/share/texmf/fonts/enc/dvips/lm/lm-math
it.enc}{/usr/share/texmf/fonts/enc/dvips/lm/lm-ec.enc}</usr/share/texlive/texmf
-dist/fonts/type1/public/amsfonts/cm/cmsy10.pfb></usr/share/texmf/fonts/type1/p
ublic/lm/lmmi12.pfb></usr/share/texmf/fonts/type1/public/lm/lmr10.pfb></usr/sha
re/texmf/fonts/type1/public/lm/lmr12.pfb></usr/share/texmf/fonts/type1/public/l
m/lmss12.pfb></usr/share/texmf/fonts/type1/public/lm/lmss17.pfb></usr/share/tex
mf/fonts/type1/public/lm/lmssbo10.pfb></usr/share/texmf/fonts/type1/public/lm/l
mssbx10.pfb></usr/share/texmf/fonts/type1/public/lm/lmsy10.pfb>
Output written on doc.pdf (23 pages, 445797 bytes).
PDF statistics:
 128 PDF objects out of 1000 (max. 8388607)
 84 compressed objects within 1 object stream
 0 named destinations out of 1000 (max. 500000)
 31 words of extra memory for PDF output out of 10000 (max. 10000000)

